<?xml version="1.0" encoding="UTF-8"?>
<!-- Generated by org.testng.reporters.JUnitXMLReporter -->
<testsuite hostname="MSMs-MacBook-Pro.local" name="Default test" tests="9" failures="0" timestamp="12 Apr 2020 13:33:45 GMT" time="239.044" errors="0">
  <testcase name="verifyContactsPage" time="0.773" classname="com.hubspot.tests.ContactsPageTest"/>
  <testcase name="createNewPOMContactTest" time="16.043" classname="com.hubspot.tests.ContactsPageTest"/>
  <testcase name="createNewPOMContactTest" time="16.249" classname="com.hubspot.tests.ContactsPageTest"/>
  <testcase name="createNewPOMContactTest" time="15.916" classname="com.hubspot.tests.ContactsPageTest"/>
  <testcase name="createNewPOMContactTest" time="15.536" classname="com.hubspot.tests.ContactsPageTest"/>
  <testcase name="createNewPOMContactTest" time="14.127" classname="com.hubspot.tests.ContactsPageTest"/>
  <testcase name="createNewPOMContactTest" time="14.346" classname="com.hubspot.tests.ContactsPageTest"/>
  <testcase name="createNewPOMContactTest" time="14.457" classname="com.hubspot.tests.ContactsPageTest"/>
  <testcase name="createNewPOMContactTest" time="14.321" classname="com.hubspot.tests.ContactsPageTest"/>
</testsuite> <!-- Default test -->
