<?xml version="1.0" encoding="UTF-8"?>
<!-- Generated by org.testng.reporters.JUnitXMLReporter -->
<testsuite hostname="MSMs-MacBook-Pro.local" name="Default test" tests="6" failures="0" timestamp="17 Mar 2020 18:07:04 GMT" time="51.717" errors="0">
  <testcase name="getTitle" time="0.196" classname="com.hubspot.tests.LoginPageTest"/>
  <testcase name="loginTest1" time="0.892" classname="com.hubspot.tests.LoginPageTest"/>
  <testcase name="loginTest2" time="0.421" classname="com.hubspot.tests.LoginPageTest"/>
  <testcase name="loginTest3" time="0.357" classname="com.hubspot.tests.LoginPageTest"/>
  <testcase name="verifyHomePageTitle" time="0.006" classname="com.hubspot.tests.HomePageTest"/>
  <testcase name="verifyHomePageHeader" time="0.026" classname="com.hubspot.tests.HomePageTest"/>
</testsuite> <!-- Default test -->
